[  3468.885] 
X.Org X Server 1.21.1.8
X Protocol Version 11, Revision 0
[  3468.885] Current Operating System: Linux arch-usb 6.5.5-arch1-1 #1 SMP PREEMPT_DYNAMIC Sat, 23 Sep 2023 22:55:13 +0000 x86_64
[  3468.885] Kernel command line: BOOT_IMAGE=/boot/vmlinuz-linux root=UUID=8ce57342-d99c-4b3c-ae37-13ca6a7d97ea rw loglevel=3 quiet
[  3468.885]  
[  3468.885] Current version of pixman: 0.42.2
[  3468.885] 	Before reporting problems, check http://wiki.x.org
	to make sure that you have the latest version.
[  3468.885] Markers: (--) probed, (**) from config file, (==) default setting,
	(++) from command line, (!!) notice, (II) informational,
	(WW) warning, (EE) error, (NI) not implemented, (??) unknown.
[  3468.886] (==) Log file: "/home/zfen/.local/share/xorg/Xorg.1.log", Time: Fri Oct  6 22:57:06 2023
[  3468.886] (==) Using system config directory "/usr/share/X11/xorg.conf.d"
[  3468.886] (==) No Layout section.  Using the first Screen section.
[  3468.886] (==) No screen section available. Using defaults.
[  3468.886] (**) |-->Screen "Default Screen Section" (0)
[  3468.886] (**) |   |-->Monitor "<default monitor>"
[  3468.886] (==) No monitor specified for screen "Default Screen Section".
	Using a default monitor configuration.
[  3468.886] (==) Automatically adding devices
[  3468.886] (==) Automatically enabling devices
[  3468.886] (==) Automatically adding GPU devices
[  3468.886] (==) Automatically binding GPU devices
[  3468.886] (==) Max clients allowed: 256, resource mask: 0x1fffff
[  3468.886] (WW) The directory "/usr/share/fonts/misc" does not exist.
[  3468.886] 	Entry deleted from font path.
[  3468.886] (WW) The directory "/usr/share/fonts/TTF" does not exist.
[  3468.886] 	Entry deleted from font path.
[  3468.886] (WW) The directory "/usr/share/fonts/OTF" does not exist.
[  3468.886] 	Entry deleted from font path.
[  3468.886] (WW) The directory "/usr/share/fonts/Type1" does not exist.
[  3468.886] 	Entry deleted from font path.
[  3468.886] (==) FontPath set to:
	/usr/share/fonts/100dpi,
	/usr/share/fonts/75dpi
[  3468.886] (==) ModulePath set to "/usr/lib/xorg/modules"
[  3468.886] (II) The server relies on udev to provide the list of input devices.
	If no devices become available, reconfigure udev or disable AutoAddDevices.
[  3468.886] (II) Module ABI versions:
[  3468.886] 	X.Org ANSI C Emulation: 0.4
[  3468.886] 	X.Org Video Driver: 25.2
[  3468.886] 	X.Org XInput driver : 24.4
[  3468.886] 	X.Org Server Extension : 10.0
[  3468.887] (++) using VT number 2

[  3468.890] (II) systemd-logind: took control of session /org/freedesktop/login1/session/_33
[  3468.891] (II) xfree86: Adding drm device (/dev/dri/card1)
[  3468.891] (II) Platform probe for /sys/devices/pci0000:00/0000:00:01.0/0000:01:00.0/drm/card1
[  3468.892] (II) systemd-logind: got fd for /dev/dri/card1 226:1 fd 13 paused 0
[  3468.893] (II) xfree86: Adding drm device (/dev/dri/card2)
[  3468.893] (II) Platform probe for /sys/devices/pci0000:00/0000:00:02.0/drm/card2
[  3468.893] (II) systemd-logind: got fd for /dev/dri/card2 226:2 fd 14 paused 0
[  3468.897] (--) PCI:*(0@0:2:0) 8086:0166:17aa:3910 rev 9, Mem @ 0xd1000000/4194304, 0xc0000000/268435456, I/O @ 0x00004000/64, BIOS @ 0x????????/131072
[  3468.897] (--) PCI: (1@0:0:0) 10de:1140:17aa:3910 rev 161, Mem @ 0xd0000000/16777216, 0xa0000000/268435456, 0xb0000000/33554432, I/O @ 0x00003000/128, BIOS @ 0x????????/524288
[  3468.897] (WW) Open ACPI failed (/var/run/acpid.socket) (No such file or directory)
[  3468.897] (II) LoadModule: "glx"
[  3468.897] (II) Loading /usr/lib/xorg/modules/extensions/libglx.so
[  3468.900] (II) Module glx: vendor="X.Org Foundation"
[  3468.900] 	compiled for 1.21.1.8, module version = 1.0.0
[  3468.900] 	ABI class: X.Org Server Extension, version 10.0
[  3468.900] (==) Matched intel as autoconfigured driver 0
[  3468.900] (==) Matched nouveau as autoconfigured driver 1
[  3468.900] (==) Matched nv as autoconfigured driver 2
[  3468.900] (==) Matched modesetting as autoconfigured driver 3
[  3468.900] (==) Matched fbdev as autoconfigured driver 4
[  3468.900] (==) Matched vesa as autoconfigured driver 5
[  3468.900] (==) Assigned the driver to the xf86ConfigLayout
[  3468.900] (II) LoadModule: "intel"
[  3468.900] (WW) Warning, couldn't open module intel
[  3468.900] (EE) Failed to load module "intel" (module does not exist, 0)
[  3468.900] (II) LoadModule: "nouveau"
[  3468.900] (WW) Warning, couldn't open module nouveau
[  3468.900] (EE) Failed to load module "nouveau" (module does not exist, 0)
[  3468.900] (II) LoadModule: "nv"
[  3468.900] (WW) Warning, couldn't open module nv
[  3468.900] (EE) Failed to load module "nv" (module does not exist, 0)
[  3468.900] (II) LoadModule: "modesetting"
[  3468.900] (II) Loading /usr/lib/xorg/modules/drivers/modesetting_drv.so
[  3468.901] (II) Module modesetting: vendor="X.Org Foundation"
[  3468.901] 	compiled for 1.21.1.8, module version = 1.21.1
[  3468.901] 	Module class: X.Org Video Driver
[  3468.901] 	ABI class: X.Org Video Driver, version 25.2
[  3468.901] (II) LoadModule: "fbdev"
[  3468.902] (WW) Warning, couldn't open module fbdev
[  3468.902] (EE) Failed to load module "fbdev" (module does not exist, 0)
[  3468.902] (II) LoadModule: "vesa"
[  3468.902] (II) Loading /usr/lib/xorg/modules/drivers/vesa_drv.so
[  3468.902] (II) Module vesa: vendor="X.Org Foundation"
[  3468.902] 	compiled for 1.21.1.4, module version = 2.6.0
[  3468.902] 	Module class: X.Org Video Driver
[  3468.902] 	ABI class: X.Org Video Driver, version 25.2
[  3468.902] (II) modesetting: Driver for Modesetting Kernel Drivers: kms
[  3468.902] (II) VESA: driver for VESA chipsets: vesa
[  3468.902] xf86EnableIO: failed to enable I/O ports 0000-03ff (Operation not permitted)
[  3468.902] (II) modeset(0): using drv /dev/dri/card2
[  3468.902] (II) modeset(G0): using drv /dev/dri/card1
[  3468.902] (WW) VGA arbiter: cannot open kernel arbiter, no multi-card support
[  3468.902] (II) modeset(0): Creating default Display subsection in Screen section
	"Default Screen Section" for depth/fbbpp 24/32
[  3468.902] (==) modeset(0): Depth 24, (==) framebuffer bpp 32
[  3468.902] (==) modeset(0): RGB weight 888
[  3468.902] (==) modeset(0): Default visual is TrueColor
[  3468.902] (II) Loading sub module "glamoregl"
[  3468.902] (II) LoadModule: "glamoregl"
[  3468.902] (II) Loading /usr/lib/xorg/modules/libglamoregl.so
[  3468.907] (II) Module glamoregl: vendor="X.Org Foundation"
[  3468.907] 	compiled for 1.21.1.8, module version = 1.0.1
[  3468.907] 	ABI class: X.Org ANSI C Emulation, version 0.4
[  3468.944] (II) modeset(0): glamor X acceleration enabled on Mesa Intel(R) HD Graphics 4000 (IVB GT2)
[  3468.944] (II) modeset(0): glamor initialized
[  3468.944] (==) modeset(0): VariableRefresh: disabled
[  3468.944] (==) modeset(0): AsyncFlipSecondaries: disabled
[  3468.944] (II) modeset(0): Output LVDS-1 has no monitor section
[  3468.946] (II) modeset(0): Output VGA-1 has no monitor section
[  3468.947] (II) modeset(0): Output HDMI-1 has no monitor section
[  3468.947] (II) modeset(0): Output DP-1 has no monitor section
[  3468.947] (II) modeset(0): EDID for output LVDS-1
[  3468.947] (II) modeset(0): Manufacturer: LGD  Model: 1ca  Serial#: 0
[  3468.947] (II) modeset(0): Year: 2008  Week: 0
[  3468.947] (II) modeset(0): EDID Version: 1.3
[  3468.947] (II) modeset(0): Digital Display Input
[  3468.947] (II) modeset(0): Max Image Size [cm]: horiz.: 38  vert.: 21
[  3468.947] (II) modeset(0): Gamma: 2.20
[  3468.947] (II) modeset(0): No DPMS capabilities specified
[  3468.947] (II) modeset(0): Supported color encodings: RGB 4:4:4 YCrCb 4:4:4 
[  3468.947] (II) modeset(0): First detailed timing is preferred mode
[  3468.947] (II) modeset(0): redX: 0.615 redY: 0.346   greenX: 0.314 greenY: 0.602
[  3468.947] (II) modeset(0): blueX: 0.151 blueY: 0.109   whiteX: 0.312 whiteY: 0.328
[  3468.947] (II) modeset(0): Manufacturer's mask: 0
[  3468.947] (II) modeset(0): Supported detailed timing:
[  3468.947] (II) modeset(0): clock: 97.8 MHz   Image Size:  382 x 215 mm
[  3468.947] (II) modeset(0): h_active: 1600  h_sync: 1648  h_sync_end 1696 h_blank_end 1784 h_border: 0
[  3468.947] (II) modeset(0): v_active: 900  v_sync: 902  v_sync_end 905 v_blanking: 912 v_border: 0
[  3468.947] (II) modeset(0):  
[  3468.947] (II) modeset(0):  LP173WD1-TLA1
[  3468.947] (II) modeset(0): EDID (in hex):
[  3468.947] (II) modeset(0): 	00ffffffffffff0030e4ca0100000000
[  3468.947] (II) modeset(0): 	00120103802615780aa8c09d58509a26
[  3468.947] (II) modeset(0): 	1c505400000001010101010101010101
[  3468.947] (II) modeset(0): 	0101010101012f2640b860840c303030
[  3468.947] (II) modeset(0): 	23007ed7100000190000000000000000
[  3468.947] (II) modeset(0): 	00000000000000000000000000fe0000
[  3468.947] (II) modeset(0): 	00004c47446973706c61790a000000fe
[  3468.947] (II) modeset(0): 	004c503137335744312d544c41310078
[  3468.947] (II) modeset(0): Printing probed modes for output LVDS-1
[  3468.947] (II) modeset(0): Modeline "1600x900"x60.1   97.75  1600 1648 1696 1784  900 902 905 912 -hsync -vsync (54.8 kHz eP)
[  3468.947] (II) modeset(0): Modeline "1600x900"x120.0  246.00  1600 1728 1900 2200  900 901 904 932 doublescan -hsync +vsync (111.8 kHz d)
[  3468.947] (II) modeset(0): Modeline "1600x900"x119.9  186.50  1600 1624 1640 1680  900 901 904 926 doublescan +hsync -vsync (111.0 kHz d)
[  3468.947] (II) modeset(0): Modeline "1600x900"x59.9  118.25  1600 1696 1856 2112  900 903 908 934 -hsync +vsync (56.0 kHz d)
[  3468.947] (II) modeset(0): Modeline "1600x900"x59.8   97.50  1600 1648 1680 1760  900 903 908 926 +hsync -vsync (55.4 kHz d)
[  3468.947] (II) modeset(0): Modeline "1400x900"x60.0  103.50  1400 1480 1624 1848  900 903 913 934 -hsync +vsync (56.0 kHz d)
[  3468.947] (II) modeset(0): Modeline "1400x900"x59.9   86.50  1400 1448 1480 1560  900 903 913 926 +hsync -vsync (55.4 kHz d)
[  3468.947] (II) modeset(0): Modeline "1440x810"x120.0  198.12  1440 1548 1704 1968  810 811 814 839 doublescan -hsync +vsync (100.7 kHz d)
[  3468.947] (II) modeset(0): Modeline "1440x810"x119.9  151.88  1440 1464 1480 1520  810 811 814 833 doublescan +hsync -vsync (99.9 kHz d)
[  3468.947] (II) modeset(0): Modeline "1368x768"x59.9   85.25  1368 1440 1576 1784  768 771 781 798 -hsync +vsync (47.8 kHz d)
[  3468.947] (II) modeset(0): Modeline "1368x768"x59.9   72.25  1368 1416 1448 1528  768 771 781 790 +hsync -vsync (47.3 kHz d)
[  3468.947] (II) modeset(0): Modeline "1280x800"x120.0  174.25  1280 1380 1516 1752  800 801 804 829 doublescan -hsync +vsync (99.5 kHz d)
[  3468.947] (II) modeset(0): Modeline "1280x800"x119.9  134.25  1280 1304 1320 1360  800 801 804 823 doublescan +hsync -vsync (98.7 kHz d)
[  3468.947] (II) modeset(0): Modeline "1280x800"x59.8   83.50  1280 1352 1480 1680  800 803 809 831 -hsync +vsync (49.7 kHz d)
[  3468.947] (II) modeset(0): Modeline "1280x800"x59.9   71.00  1280 1328 1360 1440  800 803 809 823 +hsync -vsync (49.3 kHz d)
[  3468.948] (II) modeset(0): Modeline "1280x720"x120.0  156.12  1280 1376 1512 1744  720 721 724 746 doublescan -hsync +vsync (89.5 kHz d)
[  3468.948] (II) modeset(0): Modeline "1280x720"x120.0  120.75  1280 1304 1320 1360  720 721 724 740 doublescan +hsync -vsync (88.8 kHz d)
[  3468.948] (II) modeset(0): Modeline "1280x720"x59.9   74.50  1280 1344 1472 1664  720 723 728 748 -hsync +vsync (44.8 kHz d)
[  3468.948] (II) modeset(0): Modeline "1280x720"x59.7   63.75  1280 1328 1360 1440  720 723 728 741 +hsync -vsync (44.3 kHz d)
[  3468.948] (II) modeset(0): Modeline "1024x768"x120.1  133.47  1024 1100 1212 1400  768 768 770 794 doublescan -hsync +vsync (95.3 kHz d)
[  3468.948] (II) modeset(0): Modeline "1024x768"x60.0   65.00  1024 1048 1184 1344  768 771 777 806 -hsync -vsync (48.4 kHz d)
[  3468.948] (II) modeset(0): Modeline "960x720"x120.0  117.00  960 1024 1128 1300  720 720 722 750 doublescan -hsync +vsync (90.0 kHz d)
[  3468.948] (II) modeset(0): Modeline "928x696"x120.1  109.15  928 976 1088 1264  696 696 698 719 doublescan -hsync +vsync (86.4 kHz d)
[  3468.948] (II) modeset(0): Modeline "896x672"x120.0  102.40  896 960 1060 1224  672 672 674 697 doublescan -hsync +vsync (83.7 kHz d)
[  3468.948] (II) modeset(0): Modeline "1024x576"x119.9   98.50  1024 1092 1200 1376  576 577 580 597 doublescan -hsync +vsync (71.6 kHz d)
[  3468.948] (II) modeset(0): Modeline "1024x576"x119.9   78.38  1024 1048 1064 1104  576 577 580 592 doublescan +hsync -vsync (71.0 kHz d)
[  3468.948] (II) modeset(0): Modeline "1024x576"x59.9   46.50  1024 1064 1160 1296  576 579 584 599 -hsync +vsync (35.9 kHz d)
[  3468.948] (II) modeset(0): Modeline "1024x576"x59.8   42.00  1024 1072 1104 1184  576 579 584 593 +hsync -vsync (35.5 kHz d)
[  3468.948] (II) modeset(0): Modeline "960x600"x119.9   96.62  960 1028 1128 1296  600 601 604 622 doublescan -hsync +vsync (74.6 kHz d)
[  3468.948] (II) modeset(0): Modeline "960x600"x120.0   77.00  960 984 1000 1040  600 601 604 617 doublescan +hsync -vsync (74.0 kHz d)
[  3468.948] (II) modeset(0): Modeline "960x540"x119.9   86.50  960 1024 1124 1288  540 541 544 560 doublescan -hsync +vsync (67.2 kHz d)
[  3468.948] (II) modeset(0): Modeline "960x540"x120.0   69.25  960 984 1000 1040  540 541 544 555 doublescan +hsync -vsync (66.6 kHz d)
[  3468.948] (II) modeset(0): Modeline "960x540"x59.6   40.75  960 992 1088 1216  540 543 548 562 -hsync +vsync (33.5 kHz d)
[  3468.948] (II) modeset(0): Modeline "960x540"x59.8   37.25  960 1008 1040 1120  540 543 548 556 +hsync -vsync (33.3 kHz d)
[  3468.948] (II) modeset(0): Modeline "800x600"x120.0   81.00  800 832 928 1080  600 600 602 625 doublescan +hsync +vsync (75.0 kHz d)
[  3468.948] (II) modeset(0): Modeline "800x600"x60.3   40.00  800 840 968 1056  600 601 605 628 +hsync +vsync (37.9 kHz d)
[  3468.948] (II) modeset(0): Modeline "800x600"x56.2   36.00  800 824 896 1024  600 601 603 625 +hsync +vsync (35.2 kHz d)
[  3468.948] (II) modeset(0): Modeline "840x525"x120.0   73.12  840 892 980 1120  525 526 529 544 doublescan -hsync +vsync (65.3 kHz d)
[  3468.948] (II) modeset(0): Modeline "840x525"x119.8   59.50  840 864 880 920  525 526 529 540 doublescan +hsync -vsync (64.7 kHz d)
[  3468.948] (II) modeset(0): Modeline "864x486"x59.9   32.50  864 888 968 1072  486 489 494 506 -hsync +vsync (30.3 kHz d)
[  3468.948] (II) modeset(0): Modeline "864x486"x59.6   30.50  864 912 944 1024  486 489 494 500 +hsync -vsync (29.8 kHz d)
[  3468.948] (II) modeset(0): Modeline "700x525"x120.0   61.00  700 744 820 940  525 526 532 541 doublescan +hsync +vsync (64.9 kHz d)
[  3468.948] (II) modeset(0): Modeline "800x450"x119.9   59.12  800 848 928 1056  450 451 454 467 doublescan -hsync +vsync (56.0 kHz d)
[  3468.948] (II) modeset(0): Modeline "800x450"x119.6   48.75  800 824 840 880  450 451 454 463 doublescan +hsync -vsync (55.4 kHz d)
[  3468.948] (II) modeset(0): Modeline "640x512"x120.0   54.00  640 664 720 844  512 512 514 533 doublescan +hsync +vsync (64.0 kHz d)
[  3468.948] (II) modeset(0): Modeline "700x450"x119.9   51.75  700 740 812 924  450 451 456 467 doublescan -hsync +vsync (56.0 kHz d)
[  3468.948] (II) modeset(0): Modeline "700x450"x119.8   43.25  700 724 740 780  450 451 456 463 doublescan +hsync -vsync (55.4 kHz d)
[  3468.948] (II) modeset(0): Modeline "640x480"x120.0   54.00  640 688 744 900  480 480 482 500 doublescan +hsync +vsync (60.0 kHz d)
[  3468.948] (II) modeset(0): Modeline "640x480"x59.9   25.18  640 656 752 800  480 490 492 525 -hsync -vsync (31.5 kHz d)
[  3468.948] (II) modeset(0): Modeline "720x405"x59.5   22.50  720 744 808 896  405 408 413 422 -hsync +vsync (25.1 kHz d)
[  3468.948] (II) modeset(0): Modeline "720x405"x59.0   21.75  720 768 800 880  405 408 413 419 +hsync -vsync (24.7 kHz d)
[  3468.948] (II) modeset(0): Modeline "684x384"x119.8   42.62  684 720 788 892  384 385 390 399 doublescan -hsync +vsync (47.8 kHz d)
[  3468.948] (II) modeset(0): Modeline "684x384"x119.7   36.12  684 708 724 764  384 385 390 395 doublescan +hsync -vsync (47.3 kHz d)
[  3468.948] (II) modeset(0): Modeline "640x400"x119.8   41.75  640 676 740 840  400 401 404 415 doublescan -hsync +vsync (49.7 kHz d)
[  3468.948] (II) modeset(0): Modeline "640x400"x120.0   35.50  640 664 680 720  400 401 404 411 doublescan +hsync -vsync (49.3 kHz d)
[  3468.948] (II) modeset(0): Modeline "640x360"x119.7   37.25  640 672 736 832  360 361 364 374 doublescan -hsync +vsync (44.8 kHz d)
[  3468.948] (II) modeset(0): Modeline "640x360"x119.7   31.88  640 664 680 720  360 361 364 370 doublescan +hsync -vsync (44.3 kHz d)
[  3468.948] (II) modeset(0): Modeline "640x360"x59.8   18.00  640 664 720 800  360 363 368 376 -hsync +vsync (22.5 kHz d)
[  3468.948] (II) modeset(0): Modeline "640x360"x59.3   17.75  640 688 720 800  360 363 368 374 +hsync -vsync (22.2 kHz d)
[  3468.948] (II) modeset(0): Modeline "512x384"x120.0   32.50  512 524 592 672  384 385 388 403 doublescan -hsync -vsync (48.4 kHz d)
[  3468.948] (II) modeset(0): Modeline "512x288"x120.0   23.25  512 532 580 648  288 289 292 299 doublescan -hsync +vsync (35.9 kHz d)
[  3468.948] (II) modeset(0): Modeline "512x288"x119.8   21.00  512 536 552 592  288 289 292 296 doublescan +hsync -vsync (35.5 kHz d)
[  3468.948] (II) modeset(0): Modeline "480x270"x119.3   20.38  480 496 544 608  270 271 274 281 doublescan -hsync +vsync (33.5 kHz d)
[  3468.948] (II) modeset(0): Modeline "480x270"x119.6   18.62  480 504 520 560  270 271 274 278 doublescan +hsync -vsync (33.3 kHz d)
[  3468.948] (II) modeset(0): Modeline "400x300"x120.6   20.00  400 420 484 528  300 300 302 314 doublescan +hsync +vsync (37.9 kHz d)
[  3468.948] (II) modeset(0): Modeline "400x300"x112.7   18.00  400 412 448 512  300 300 301 312 doublescan +hsync +vsync (35.2 kHz d)
[  3468.948] (II) modeset(0): Modeline "432x243"x119.8   16.25  432 444 484 536  243 244 247 253 doublescan -hsync +vsync (30.3 kHz d)
[  3468.948] (II) modeset(0): Modeline "432x243"x119.1   15.25  432 456 472 512  243 244 247 250 doublescan +hsync -vsync (29.8 kHz d)
[  3468.948] (II) modeset(0): Modeline "320x240"x120.1   12.59  320 328 376 400  240 245 246 262 doublescan -hsync -vsync (31.5 kHz d)
[  3468.948] (II) modeset(0): Modeline "360x202"x119.0   11.25  360 372 404 448  202 204 206 211 doublescan -hsync +vsync (25.1 kHz d)
[  3468.948] (II) modeset(0): Modeline "360x202"x118.3   10.88  360 384 400 440  202 204 206 209 doublescan +hsync -vsync (24.7 kHz d)
[  3468.948] (II) modeset(0): Modeline "320x180"x119.7    9.00  320 332 360 400  180 181 184 188 doublescan -hsync +vsync (22.5 kHz d)
[  3468.948] (II) modeset(0): Modeline "320x180"x118.6    8.88  320 344 360 400  180 181 184 187 doublescan +hsync -vsync (22.2 kHz d)
[  3468.949] (II) modeset(0): EDID for output VGA-1
[  3468.950] (II) modeset(0): EDID for output HDMI-1
[  3468.950] (II) modeset(0): EDID for output DP-1
[  3468.950] (II) modeset(0): Output LVDS-1 connected
[  3468.950] (II) modeset(0): Output VGA-1 disconnected
[  3468.950] (II) modeset(0): Output HDMI-1 disconnected
[  3468.950] (II) modeset(0): Output DP-1 disconnected
[  3468.950] (II) modeset(0): Using exact sizes for initial modes
[  3468.950] (II) modeset(0): Output LVDS-1 using initial mode 1600x900 +0+0
[  3468.950] (==) modeset(0): Using gamma correction (1.0, 1.0, 1.0)
[  3468.950] (==) modeset(0): DPI set to (96, 96)
[  3468.950] (II) Loading sub module "fb"
[  3468.950] (II) LoadModule: "fb"
[  3468.950] (II) Module "fb" already built-in
[  3468.951] (==) modeset(G0): Depth 24, (==) framebuffer bpp 32
[  3468.951] (==) modeset(G0): RGB weight 888
[  3468.951] (==) modeset(G0): Default visual is TrueColor
[  3468.951] (II) Loading sub module "glamoregl"
[  3468.951] (II) LoadModule: "glamoregl"
[  3468.951] (II) Loading /usr/lib/xorg/modules/libglamoregl.so
[  3468.951] (II) Module glamoregl: vendor="X.Org Foundation"
[  3468.951] 	compiled for 1.21.1.8, module version = 1.0.1
[  3468.951] 	ABI class: X.Org ANSI C Emulation, version 0.4
[  3468.960] (II) modeset(G0): glamor X acceleration enabled on NVD7
[  3468.960] (II) modeset(G0): glamor initialized
[  3468.960] (==) modeset(G0): Using gamma correction (1.0, 1.0, 1.0)
[  3468.960] (==) modeset(G0): DPI set to (96, 96)
[  3468.960] (II) Loading sub module "fb"
[  3468.960] (II) LoadModule: "fb"
[  3468.960] (II) Module "fb" already built-in
[  3468.960] (II) UnloadModule: "vesa"
[  3468.960] (II) Unloading vesa
[  3468.974] (==) modeset(0): Backing store enabled
[  3468.974] (==) modeset(0): Silken mouse enabled
[  3468.996] (II) modeset(0): Initializing kms color map for depth 24, 8 bpc.
[  3468.996] (==) modeset(0): DPMS enabled
[  3468.996] (II) modeset(0): [DRI2] Setup complete
[  3468.996] (II) modeset(0): [DRI2]   DRI driver: crocus
[  3468.996] (II) modeset(0): [DRI2]   VDPAU driver: va_gl
[  3469.000] (==) modeset(G0): Backing store enabled
[  3469.000] (==) modeset(G0): Silken mouse enabled
[  3469.000] (II) modeset(G0): Initializing kms color map for depth 24, 8 bpc.
[  3469.000] (==) modeset(G0): DPMS enabled
[  3469.000] (II) modeset(G0): [DRI2] Setup complete
[  3469.000] (II) modeset(G0): [DRI2]   DRI driver: nouveau
[  3469.000] (II) modeset(G0): [DRI2]   VDPAU driver: nouveau
[  3469.000] (II) Initializing extension Generic Event Extension
[  3469.000] (II) Initializing extension SHAPE
[  3469.000] (II) Initializing extension MIT-SHM
[  3469.000] (II) Initializing extension XInputExtension
[  3469.000] (II) Initializing extension XTEST
[  3469.000] (II) Initializing extension BIG-REQUESTS
[  3469.000] (II) Initializing extension SYNC
[  3469.000] (II) Initializing extension XKEYBOARD
[  3469.000] (II) Initializing extension XC-MISC
[  3469.001] (II) Initializing extension SECURITY
[  3469.001] (II) Initializing extension XFIXES
[  3469.001] (II) Initializing extension RENDER
[  3469.001] (II) Initializing extension RANDR
[  3469.001] (II) Initializing extension COMPOSITE
[  3469.001] (II) Initializing extension DAMAGE
[  3469.001] (II) Initializing extension MIT-SCREEN-SAVER
[  3469.001] (II) Initializing extension DOUBLE-BUFFER
[  3469.001] (II) Initializing extension RECORD
[  3469.001] (II) Initializing extension DPMS
[  3469.002] (II) Initializing extension Present
[  3469.002] (II) Initializing extension DRI3
[  3469.002] (II) Initializing extension X-Resource
[  3469.002] (II) Initializing extension XVideo
[  3469.002] (II) Initializing extension XVideo-MotionCompensation
[  3469.002] (II) Initializing extension GLX
[  3469.008] (II) AIGLX: Loaded and initialized crocus
[  3469.008] (II) GLX: Initialized DRI2 GL provider for screen 0
[  3469.008] (II) Initializing extension XFree86-VidModeExtension
[  3469.008] (II) Initializing extension XFree86-DGA
[  3469.008] (II) Initializing extension XFree86-DRI
[  3469.008] (II) Initializing extension DRI2
[  3469.008] (II) modeset(G0): Damage tracking initialized
[  3469.008] (II) modeset(0): Damage tracking initialized
[  3469.008] (II) modeset(0): Setting screen physical size to 423 x 238
[  3469.087] (II) config/udev: Adding input device Power Button (/dev/input/event1)
[  3469.087] (**) Power Button: Applying InputClass "libinput keyboard catchall"
[  3469.087] (II) LoadModule: "libinput"
[  3469.087] (II) Loading /usr/lib/xorg/modules/input/libinput_drv.so
[  3469.089] (II) Module libinput: vendor="X.Org Foundation"
[  3469.089] 	compiled for 1.21.1.8, module version = 1.4.0
[  3469.089] 	Module class: X.Org XInput Driver
[  3469.089] 	ABI class: X.Org XInput driver, version 24.4
[  3469.089] (II) Using input driver 'libinput' for 'Power Button'
[  3469.091] (II) systemd-logind: got fd for /dev/input/event1 13:65 fd 32 paused 0
[  3469.091] (**) Power Button: always reports core events
[  3469.091] (**) Option "Device" "/dev/input/event1"
[  3469.093] (II) event1  - Power Button: is tagged by udev as: Keyboard
[  3469.093] (II) event1  - Power Button: device is a keyboard
[  3469.093] (II) event1  - Power Button: device removed
[  3469.093] (**) Option "config_info" "udev:/sys/devices/LNXSYSTM:00/LNXPWRBN:00/input/input1/event1"
[  3469.093] (II) XINPUT: Adding extended input device "Power Button" (type: KEYBOARD, id 6)
[  3469.094] (II) event1  - Power Button: is tagged by udev as: Keyboard
[  3469.094] (II) event1  - Power Button: device is a keyboard
[  3469.095] (II) config/udev: Adding input device Video Bus (/dev/input/event4)
[  3469.095] (**) Video Bus: Applying InputClass "libinput keyboard catchall"
[  3469.095] (II) Using input driver 'libinput' for 'Video Bus'
[  3469.096] (II) systemd-logind: got fd for /dev/input/event4 13:68 fd 35 paused 0
[  3469.096] (**) Video Bus: always reports core events
[  3469.096] (**) Option "Device" "/dev/input/event4"
[  3469.097] (II) event4  - Video Bus: is tagged by udev as: Keyboard
[  3469.097] (II) event4  - Video Bus: device is a keyboard
[  3469.097] (II) event4  - Video Bus: device removed
[  3469.097] (**) Option "config_info" "udev:/sys/devices/LNXSYSTM:00/LNXSYBUS:00/PNP0A08:00/LNXVIDEO:01/input/input5/event4"
[  3469.097] (II) XINPUT: Adding extended input device "Video Bus" (type: KEYBOARD, id 7)
[  3469.098] (II) event4  - Video Bus: is tagged by udev as: Keyboard
[  3469.098] (II) event4  - Video Bus: device is a keyboard
[  3469.099] (II) config/udev: Adding input device Video Bus (/dev/input/event3)
[  3469.099] (**) Video Bus: Applying InputClass "libinput keyboard catchall"
[  3469.099] (II) Using input driver 'libinput' for 'Video Bus'
[  3469.100] (II) systemd-logind: got fd for /dev/input/event3 13:67 fd 36 paused 0
[  3469.100] (**) Video Bus: always reports core events
[  3469.101] (**) Option "Device" "/dev/input/event3"
[  3469.102] (II) event3  - Video Bus: is tagged by udev as: Keyboard
[  3469.102] (II) event3  - Video Bus: device is a keyboard
[  3469.102] (II) event3  - Video Bus: device removed
[  3469.102] (**) Option "config_info" "udev:/sys/devices/LNXSYSTM:00/LNXSYBUS:00/PNP0A08:00/device:36/LNXVIDEO:00/input/input4/event3"
[  3469.102] (II) XINPUT: Adding extended input device "Video Bus" (type: KEYBOARD, id 8)
[  3469.103] (II) event3  - Video Bus: is tagged by udev as: Keyboard
[  3469.104] (II) event3  - Video Bus: device is a keyboard
[  3469.104] (II) config/udev: Adding input device Lid Switch (/dev/input/event0)
[  3469.104] (II) No input driver specified, ignoring this device.
[  3469.104] (II) This device may have been added with another device file.
[  3469.106] (II) config/udev: Adding input device Lenovo EasyCamera: Lenovo EasyC (/dev/input/event8)
[  3469.106] (**) Lenovo EasyCamera: Lenovo EasyC: Applying InputClass "libinput keyboard catchall"
[  3469.106] (II) Using input driver 'libinput' for 'Lenovo EasyCamera: Lenovo EasyC'
[  3469.107] (II) systemd-logind: got fd for /dev/input/event8 13:72 fd 37 paused 0
[  3469.107] (**) Lenovo EasyCamera: Lenovo EasyC: always reports core events
[  3469.107] (**) Option "Device" "/dev/input/event8"
[  3469.109] (II) event8  - Lenovo EasyCamera: Lenovo EasyC: is tagged by udev as: Keyboard
[  3469.109] (II) event8  - Lenovo EasyCamera: Lenovo EasyC: device is a keyboard
[  3469.109] (II) event8  - Lenovo EasyCamera: Lenovo EasyC: device removed
[  3469.109] (**) Option "config_info" "udev:/sys/devices/pci0000:00/0000:00:1a.0/usb1/1-1/1-1.1/1-1.1:1.0/input/input9/event8"
[  3469.109] (II) XINPUT: Adding extended input device "Lenovo EasyCamera: Lenovo EasyC" (type: KEYBOARD, id 9)
[  3469.110] (II) event8  - Lenovo EasyCamera: Lenovo EasyC: is tagged by udev as: Keyboard
[  3469.110] (II) event8  - Lenovo EasyCamera: Lenovo EasyC: device is a keyboard
[  3469.111] (II) config/udev: Adding input device HDA Intel PCH Mic (/dev/input/event9)
[  3469.111] (II) No input driver specified, ignoring this device.
[  3469.111] (II) This device may have been added with another device file.
[  3469.111] (II) config/udev: Adding input device HDA Intel PCH Front Headphone (/dev/input/event10)
[  3469.111] (II) No input driver specified, ignoring this device.
[  3469.111] (II) This device may have been added with another device file.
[  3469.112] (II) config/udev: Adding input device HDA Intel PCH HDMI/DP,pcm=3 (/dev/input/event11)
[  3469.112] (II) No input driver specified, ignoring this device.
[  3469.112] (II) This device may have been added with another device file.
[  3469.112] (II) config/udev: Adding input device Ideapad extra buttons (/dev/input/event7)
[  3469.112] (**) Ideapad extra buttons: Applying InputClass "libinput keyboard catchall"
[  3469.112] (II) Using input driver 'libinput' for 'Ideapad extra buttons'
[  3469.114] (II) systemd-logind: got fd for /dev/input/event7 13:71 fd 38 paused 0
[  3469.114] (**) Ideapad extra buttons: always reports core events
[  3469.114] (**) Option "Device" "/dev/input/event7"
[  3469.115] (II) event7  - Ideapad extra buttons: is tagged by udev as: Keyboard
[  3469.115] (II) event7  - Ideapad extra buttons: device is a keyboard
[  3469.115] (II) event7  - Ideapad extra buttons: device removed
[  3469.115] (**) Option "config_info" "udev:/sys/devices/pci0000:00/0000:00:1f.0/PNP0C09:00/VPC2004:00/input/input8/event7"
[  3469.115] (II) XINPUT: Adding extended input device "Ideapad extra buttons" (type: KEYBOARD, id 10)
[  3469.117] (II) event7  - Ideapad extra buttons: is tagged by udev as: Keyboard
[  3469.117] (II) event7  - Ideapad extra buttons: device is a keyboard
[  3469.117] (II) config/udev: Adding input device AT Translated Set 2 keyboard (/dev/input/event2)
[  3469.117] (**) AT Translated Set 2 keyboard: Applying InputClass "libinput keyboard catchall"
[  3469.117] (II) Using input driver 'libinput' for 'AT Translated Set 2 keyboard'
[  3469.119] (II) systemd-logind: got fd for /dev/input/event2 13:66 fd 39 paused 0
[  3469.119] (**) AT Translated Set 2 keyboard: always reports core events
[  3469.119] (**) Option "Device" "/dev/input/event2"
[  3469.120] (II) event2  - AT Translated Set 2 keyboard: is tagged by udev as: Keyboard
[  3469.120] (II) event2  - AT Translated Set 2 keyboard: device is a keyboard
[  3469.120] (II) event2  - AT Translated Set 2 keyboard: device removed
[  3469.121] (**) Option "config_info" "udev:/sys/devices/platform/i8042/serio0/input/input2/event2"
[  3469.121] (II) XINPUT: Adding extended input device "AT Translated Set 2 keyboard" (type: KEYBOARD, id 11)
[  3469.122] (II) event2  - AT Translated Set 2 keyboard: is tagged by udev as: Keyboard
[  3469.122] (II) event2  - AT Translated Set 2 keyboard: device is a keyboard
[  3469.123] (II) config/udev: Adding input device SynPS/2 Synaptics TouchPad (/dev/input/event6)
[  3469.123] (**) SynPS/2 Synaptics TouchPad: Applying InputClass "libinput touchpad catchall"
[  3469.123] (II) Using input driver 'libinput' for 'SynPS/2 Synaptics TouchPad'
[  3469.124] (II) systemd-logind: got fd for /dev/input/event6 13:70 fd 40 paused 0
[  3469.124] (**) SynPS/2 Synaptics TouchPad: always reports core events
[  3469.124] (**) Option "Device" "/dev/input/event6"
[  3469.125] (II) event6  - SynPS/2 Synaptics TouchPad: is tagged by udev as: Touchpad
[  3469.127] (II) event6  - SynPS/2 Synaptics TouchPad: device is a touchpad
[  3469.127] (II) event6  - SynPS/2 Synaptics TouchPad: device removed
[  3469.127] (II) libinput: SynPS/2 Synaptics TouchPad: Step value 0 was provided, libinput Fallback acceleration function is used.
[  3469.127] (II) libinput: SynPS/2 Synaptics TouchPad: Step value 0 was provided, libinput Fallback acceleration function is used.
[  3469.127] (II) libinput: SynPS/2 Synaptics TouchPad: Step value 0 was provided, libinput Fallback acceleration function is used.
[  3469.127] (**) Option "config_info" "udev:/sys/devices/platform/i8042/serio1/input/input7/event6"
[  3469.127] (II) XINPUT: Adding extended input device "SynPS/2 Synaptics TouchPad" (type: TOUCHPAD, id 12)
[  3469.128] (**) Option "AccelerationScheme" "none"
[  3469.128] (**) SynPS/2 Synaptics TouchPad: (accel) selected scheme none/0
[  3469.128] (**) SynPS/2 Synaptics TouchPad: (accel) acceleration factor: 2.000
[  3469.128] (**) SynPS/2 Synaptics TouchPad: (accel) acceleration threshold: 4
[  3469.129] (II) event6  - SynPS/2 Synaptics TouchPad: is tagged by udev as: Touchpad
[  3469.130] (II) event6  - SynPS/2 Synaptics TouchPad: device is a touchpad
[  3469.131] (II) config/udev: Adding input device SynPS/2 Synaptics TouchPad (/dev/input/mouse0)
[  3469.131] (II) No input driver specified, ignoring this device.
[  3469.131] (II) This device may have been added with another device file.
[  3469.131] (II) config/udev: Adding input device PC Speaker (/dev/input/event5)
[  3469.131] (II) No input driver specified, ignoring this device.
[  3469.131] (II) This device may have been added with another device file.
[  3469.217] (**) Option "fd" "32"
[  3469.217] (II) event1  - Power Button: device removed
[  3469.217] (**) Option "fd" "35"
[  3469.217] (II) event4  - Video Bus: device removed
[  3469.217] (**) Option "fd" "36"
[  3469.217] (II) event3  - Video Bus: device removed
[  3469.217] (**) Option "fd" "37"
[  3469.217] (II) event8  - Lenovo EasyCamera: Lenovo EasyC: device removed
[  3469.217] (**) Option "fd" "38"
[  3469.217] (II) event7  - Ideapad extra buttons: device removed
[  3469.217] (**) Option "fd" "39"
[  3469.217] (II) event2  - AT Translated Set 2 keyboard: device removed
[  3469.218] (**) Option "fd" "40"
[  3469.218] (II) event6  - SynPS/2 Synaptics TouchPad: device removed
[  3469.229] (II) UnloadModule: "libinput"
[  3469.229] (II) systemd-logind: releasing fd for 13:70
[  3469.230] (II) UnloadModule: "libinput"
[  3469.230] (II) systemd-logind: releasing fd for 13:66
[  3469.231] (II) UnloadModule: "libinput"
[  3469.231] (II) systemd-logind: releasing fd for 13:71
[  3469.231] (II) UnloadModule: "libinput"
[  3469.231] (II) systemd-logind: releasing fd for 13:72
[  3469.232] (II) UnloadModule: "libinput"
[  3469.232] (II) systemd-logind: releasing fd for 13:67
[  3469.232] (II) UnloadModule: "libinput"
[  3469.232] (II) systemd-logind: releasing fd for 13:68
[  3469.233] (II) UnloadModule: "libinput"
[  3469.233] (II) systemd-logind: releasing fd for 13:65
[  3469.282] (II) Server terminated successfully (0). Closing log file.
